UG to STEP
! INFO-     NX STEP AP242 - V1926
! INFO-      
! INFO-     Start of Translation: 25-MAY-2021  1:16:06 PM
! INFO-      
! STATUS-   Converting Part: C:\Users\lemon\Documents\DynamiS\Corsi\Simscape multibody\CAD files\Step\Upright_Simplified_step.prt
! STATUS-    
! STATUS-   Converting to Output Form (Phase 2 of 3): 25-MAY-2021 1:16:06 PM
! STATUS-    
! INFO-           Summary of STEP Entities 
! INFO-      
! INFO-     Entity Type                                                   Count 
! INFO-     -----------                                                   ------ 
! INFO-     advanced_brep_shape_representation .......................:   1 
! INFO-     advanced_face ............................................:   6 
! INFO-     application_context ......................................:   1 
! INFO-     application_protocol_definition ..........................:   1 
! INFO-     axis2_placement_3d .......................................:   23 
! INFO-     camera_model_d3 ..........................................:   8 
! INFO-     cartesian_point ..........................................:   51 
! INFO-     closed_shell .............................................:   1 
! INFO-     colour_rgb ...............................................:   1 
! INFO-     direction ................................................:   42 
! INFO-     draughting_model .........................................:   9 
! INFO-     edge_curve ...............................................:   12 
! INFO-     edge_loop ................................................:   6 
! INFO-     face_bound ...............................................:   6 
! INFO-     fill_area_style ..........................................:   1 
! INFO-     fill_area_style_colour ...................................:   1 
! INFO-     geometric_representation_context_and_global_uncertainty_a :   1 
! INFO-     length_unit_and_si_unit ..................................:   1 
! INFO-     line .....................................................:   12 
! INFO-     manifold_solid_brep ......................................:   1 
! INFO-     mapped_item ..............................................:   9 
! INFO-     mechanical_design_and_draughting_relationship ............:   8 
! INFO-     mechanical_design_geometric_presentation_representation ..:   1 
! INFO-     oriented_edge ............................................:   24 
! INFO-     planar_box ...............................................:   8 
! INFO-     plane ....................................................:   6 
! INFO-     plane_angle_unit_and_si_unit .............................:   1 
! INFO-     presentation_style_assignment ............................:   1 
! INFO-     product ..................................................:   1 
! INFO-     product_category .........................................:   1 
! INFO-     product_context ..........................................:   1 
! INFO-     product_definition .......................................:   1 
! INFO-     product_definition_context ...............................:   1 
! INFO-     product_definition_formation_with_specified_source .......:   1 
! INFO-     product_definition_shape .................................:   1 
! INFO-     product_related_product_category .........................:   1 
! INFO-     representation_map .......................................:   9 
! INFO-     shape_definition_representation ..........................:   1 
! INFO-     shape_representation .....................................:   1 
! INFO-     shape_representation_relationship ........................:   1 
! INFO-     si_unit_and_solid_angle_unit .............................:   1 
! INFO-     styled_item ..............................................:   1 
! INFO-     surface_side_style .......................................:   1 
! INFO-     surface_style_fill_area ..................................:   1 
! INFO-     surface_style_usage ......................................:   1 
! INFO-     uncertainty_measure_with_unit ............................:   1 
! INFO-     vector ...................................................:   12 
! INFO-     vertex_point .............................................:   8 
! INFO-     view_volume ..............................................:   8 
! INFO-                                                                  ------- 
! INFO-     Total                                                         297 
! INFO-      
! INFO-     End of Translation: 25-MAY-2021  1:16:07 PM
! INFO-      
